2025-11-28 10:51:35 | INFO | 1 | MacroEnergy | run_tools.jl:28 | Running case at C:\Users\shash\MacroEnergy.jl\electricity_fiveZ_8736_1p_cleaned
2025-11-28 10:51:35 | INFO | 1 | MacroEnergy | user_additions.jl:19 |  ++ Loading user additions from electricity_fiveZ_8736_1p_cleaned\tmp\UserAdditions.jl
2025-11-28 10:51:38 | WARN | 1 | MacroEnergy | user_additions.jl:25 | Could not load UserAdditions module: PkgPrecompileError: The following 1 direct dependency failed to precompile:

UserAdditions 

Failed to precompile UserAdditions [top-level] to "C:\\Users\\shash\\.julia\\compiled\\v1.12\\jl_3254.tmp".
[91m[1mERROR: [22m[39mLoadError: ParseError:
[90m# Error @ [0;0m]8;;file://C:/Users/shash/MacroEnergy.jl/electricity_fiveZ_8736_1p_cleaned/tmp/UserAdditions.jl#4:14\[90mC:\Users\shash\MacroEnergy.jl\electricity_fiveZ_8736_1p_cleaned\tmp\UserAdditions.jl:4:14[0;0m]8;;\

if isfile("C:[48;2;120;70;70m\U[0;0msers\shash\MacroEnergy.jl\electricity_fiveZ_8736_1p_cleaned\tmp\usersubcommodities.jl")
[90m#            └┘ ── [0;0m[91minvalid unicode escape sequence[0;0m
Stacktrace:
 [1] top-level scope
[90m   @[39m [90mC:\Users\shash\MacroEnergy.jl\electricity_fiveZ_8736_1p_cleaned\tmp\[39m[90m[4mUserAdditions.jl:4[24m[39m
 [2] [0m[1minclude[22m[0m[1m([22m[90mmod[39m::[0mModule, [90m_path[39m::[0mString[0m[1m)[22m
[90m   @[39m [90mBase[39m [90m.\[39m[90m[4mBase.jl:306[24m[39m
 [3] [0m[1minclude_package_for_output[22m[0m[1m([22m[90mpkg[39m::[0mBase.PkgId, [90minput[39m::[0mString, [90mdepot_path[39m::[0mVector[90m{String}[39m, [90mdl_load_path[39m::[0mVector[90m{String}[39m, [90mload_path[39m::[0mVector[90m{String}[39m, [90mconcrete_deps[39m::[0mVector[90m{Pair{Base.PkgId, UInt128}}[39m, [90msource[39m::[0mNothing[0m[1m)[22m
[90m   @[39m [90mBase[39m [90m.\[39m[90m[4mloading.jl:2996[24m[39m
 [4] top-level scope
[90m   @[39m [90m[4mstdin:5[24m[39m
 [5] [0m[1meval[22m[0m[1m([22m[90mm[39m::[0mModule, [90me[39m::[0mAny[0m[1m)[22m
[90m   @[39m [90mCore[39m [90m.\[39m[90m[4mboot.jl:489[24m[39m
 [6] [0m[1minclude_string[22m[0m[1m([22m[90mmapexpr[39m::[0mtypeof(identity), [90mmod[39m::[0mModule, [90mcode[39m::[0mString, [90mfilename[39m::[0mString[0m[1m)[22m
[90m   @[39m [90mBase[39m [90m.\[39m[90m[4mloading.jl:2842[24m[39m
 [7] [0m[1minclude_string[22m
[90m   @[39m [90m.\[39m[90m[4mloading.jl:2852[24m[39m[90m [inlined][39m
 [8] [0m[1mexec_options[22m[0m[1m([22m[90mopts[39m::[0mBase.JLOptions[0m[1m)[22m
[90m   @[39m [90mBase[39m [90m.\[39m[90m[4mclient.jl:315[24m[39m
 [9] [0m[1m_start[22m[0m[1m([22m[0m[1m)[22m
[90m   @[39m [90mBase[39m [90m.\[39m[90m[4mclient.jl:550[24m[39m
in expression starting at C:\Users\shash\MacroEnergy.jl\electricity_fiveZ_8736_1p_cleaned\tmp\UserAdditions.jl:4
in expression starting at stdin:
2025-11-28 10:51:38 | INFO | 1 | MacroEnergy | load_stages_data.jl:36 | Loading case from C:\Users\shash\MacroEnergy.jl\electricity_fiveZ_8736_1p_cleaned\system_data.json
2025-11-28 10:51:38 | INFO | 1 | MacroEnergy | load_system_data.jl:17 | Loading system data
2025-11-28 10:51:39 | INFO | 1 | MacroEnergy | load_system_data.jl:25 | Done loading system data. It took 0.84 seconds
2025-11-28 10:51:39 | INFO | 1 | MacroEnergy | load_stages_data.jl:19 | Done loading case data. It took 0.84 seconds
2025-11-28 10:51:39 | INFO | 1 | MacroEnergy | case.jl:15 | *** Generating case ***
2025-11-28 10:51:39 | INFO | 1 | MacroEnergy | case_settings.jl:108 | Configuring case from settings/case_settings.json
2025-11-28 10:51:39 | INFO | 1 | MacroEnergy | case_settings.jl:126 | Configuring case
2025-11-28 10:51:39 | INFO | 1 | MacroEnergy | case_settings.jl:150 |  -- Setting solution algorithm
2025-11-28 10:51:39 | INFO | 1 | MacroEnergy | case_settings.jl:161 |  -- Solution algorithm set to MacroEnergy.Myopic()
2025-11-28 10:51:39 | WARN | 1 | MacroEnergy | case_settings.jl:180 | No myopic settings specified, using default settings
2025-11-28 10:51:39 | INFO | 1 | MacroEnergy | case_settings.jl:181 | Configuring myopic
2025-11-28 10:51:39 | INFO | 1 | MacroEnergy | case.jl:30 | Generating systems
2025-11-28 10:51:40 | INFO | 1 | MacroEnergy | generate_system.jl:18 | Generating system
2025-11-28 10:51:42 | WARN | 1 | MacroEnergy | load_time_data.jl:198 | Using default weights = 1 as no period map provided and each period maps to itself
2025-11-28 10:51:42 | WARN | 1 | MacroEnergy | load_time_data.jl:198 | Using default weights = 1 as no period map provided and each period maps to itself
2025-11-28 10:51:42 | WARN | 1 | MacroEnergy | load_time_data.jl:198 | Using default weights = 1 as no period map provided and each period maps to itself
2025-11-28 10:51:42 | WARN | 1 | MacroEnergy | load_time_data.jl:198 | Using default weights = 1 as no period map provided and each period maps to itself
2025-11-28 10:51:42 | WARN | 1 | MacroEnergy | load_time_data.jl:198 | Using default weights = 1 as no period map provided and each period maps to itself
2025-11-28 10:51:42 | WARN | 1 | MacroEnergy | load_time_data.jl:198 | Using default weights = 1 as no period map provided and each period maps to itself
2025-11-28 10:51:42 | WARN | 1 | MacroEnergy | load_time_data.jl:198 | Using default weights = 1 as no period map provided and each period maps to itself
2025-11-28 10:51:42 | WARN | 1 | MacroEnergy | load_time_data.jl:198 | Using default weights = 1 as no period map provided and each period maps to itself
2025-11-28 10:51:42 | WARN | 1 | MacroEnergy | load_time_data.jl:198 | Using default weights = 1 as no period map provided and each period maps to itself
2025-11-28 10:51:42 | WARN | 1 | MacroEnergy | load_time_data.jl:198 | Using default weights = 1 as no period map provided and each period maps to itself
2025-11-28 10:51:55 | INFO | 1 | MacroEnergy | generate_system.jl:38 | Done generating system. It took 15.15 seconds
2025-11-28 10:51:55 | INFO | 1 | MacroEnergy | case.jl:54 |  -- Discounting fixed costs for period 1
2025-11-28 10:51:56 | INFO | 1 | MacroEnergy | case.jl:57 |  -- Computing retirement case for period 1
2025-11-28 10:51:56 | INFO | 1 | MacroEnergy | case.jl:45 | *** Done generating case. It took 16.83 seconds ***
2025-11-28 10:51:56 | INFO | 1 | MacroEnergy | solver.jl:28 | *** Running simulation with myopic iteration ***
2025-11-28 10:51:56 | INFO | 1 | MacroEnergy | myopic.jl:34 |  -- Generating model for period 1
2025-11-28 10:51:56 | INFO | 1 | MacroEnergy | myopic.jl:44 |  -- Adding linking variables
2025-11-28 10:51:57 | INFO | 1 | MacroEnergy | myopic.jl:47 |  -- Defining available capacity
2025-11-28 10:51:58 | INFO | 1 | MacroEnergy | myopic.jl:50 |  -- Generating planning model
2025-11-28 10:52:01 | INFO | 1 | MacroEnergy | myopic.jl:53 |  -- Generating operational model
2025-11-28 10:52:23 | WARN | 1 | MacroEnergy | long_duration_storage_implicit_min_max.jl:82 | LongDurationStorageImplicitMinMaxConstraint is redundant when all modeled subperiods are representative subperiods so Macro will not create this constraint
2025-11-28 10:52:24 | WARN | 1 | MacroEnergy | long_duration_storage_implicit_min_max.jl:82 | LongDurationStorageImplicitMinMaxConstraint is redundant when all modeled subperiods are representative subperiods so Macro will not create this constraint
2025-11-28 10:52:24 | WARN | 1 | MacroEnergy | long_duration_storage_implicit_min_max.jl:82 | LongDurationStorageImplicitMinMaxConstraint is redundant when all modeled subperiods are representative subperiods so Macro will not create this constraint
2025-11-28 10:52:24 | WARN | 1 | MacroEnergy | long_duration_storage_implicit_min_max.jl:82 | LongDurationStorageImplicitMinMaxConstraint is redundant when all modeled subperiods are representative subperiods so Macro will not create this constraint
2025-11-28 10:52:24 | WARN | 1 | MacroEnergy | long_duration_storage_implicit_min_max.jl:82 | LongDurationStorageImplicitMinMaxConstraint is redundant when all modeled subperiods are representative subperiods so Macro will not create this constraint
2025-11-28 10:52:43 | WARN | 1 | JuMP.Containers | DenseAxisArray.jl:191 | Axis contains one element: 1. If intended, you can safely ignore this warning. To explicitly pass the axis with one element, pass `[1]` instead of `1`.
2025-11-28 10:52:43 | WARN | 1 | JuMP.Containers | DenseAxisArray.jl:191 | Axis contains one element: 1. If intended, you can safely ignore this warning. To explicitly pass the axis with one element, pass `[1]` instead of `1`.
2025-11-28 10:52:43 | WARN | 1 | JuMP.Containers | DenseAxisArray.jl:191 | Axis contains one element: 1. If intended, you can safely ignore this warning. To explicitly pass the axis with one element, pass `[1]` instead of `1`.
2025-11-28 10:52:44 | WARN | 1 | JuMP.Containers | DenseAxisArray.jl:191 | Axis contains one element: 1. If intended, you can safely ignore this warning. To explicitly pass the axis with one element, pass `[1]` instead of `1`.
2025-11-28 10:52:44 | INFO | 1 | MacroEnergy | myopic.jl:83 |  -- Including age-based retirements
2025-11-28 10:52:44 | INFO | 1 | MacroEnergy | scaling.jl:59 | Scaling constraints and RHS
2025-11-28 11:06:01 | INFO | 1 | MacroEnergy | myopic.jl:97 |  -- Writing outputs for period 1
2025-11-28 11:06:06 | INFO | 1 | MacroEnergy | write_capacity.jl:68 | Writing capacity results to C:\Users\shash\MacroEnergy.jl\electricity_fiveZ_8736_1p_cleaned\results\results\capacity.csv
2025-11-28 11:06:09 | INFO | 1 | MacroEnergy | write_cost.jl:36 | Writing discounted costs to C:\Users\shash\MacroEnergy.jl\electricity_fiveZ_8736_1p_cleaned\results\results\costs.csv
2025-11-28 11:06:09 | INFO | 1 | MacroEnergy | write_cost.jl:60 | Writing undiscounted costs to C:\Users\shash\MacroEnergy.jl\electricity_fiveZ_8736_1p_cleaned\results\results\undiscounted_costs.csv
2025-11-28 11:06:10 | INFO | 1 | MacroEnergy | write_flow.jl:66 | Writing flow results to C:\Users\shash\MacroEnergy.jl\electricity_fiveZ_8736_1p_cleaned\results\results\flows.csv
2025-11-28 11:06:14 | INFO | 1 | MacroEnergy | write_duals.jl:38 | Writing constraint dual values to C:\Users\shash\MacroEnergy.jl\electricity_fiveZ_8736_1p_cleaned\results\results
2025-11-28 11:06:14 | INFO | 1 | MacroEnergy | write_duals.jl:116 | Writing balance constraint dual values to C:\Users\shash\MacroEnergy.jl\electricity_fiveZ_8736_1p_cleaned\results\results
2025-11-28 11:06:15 | INFO | 1 | MacroEnergy | write_duals.jl:190 | Writing CO2 cap constraint dual values to C:\Users\shash\MacroEnergy.jl\electricity_fiveZ_8736_1p_cleaned\results\results
2025-11-28 11:06:17 | INFO | 1 | MacroEnergy | myopic.jl:110 | Writing settings file
2025-11-28 11:06:18 | WARN | 1 | Distributed | cluster.jl:1065 | rmprocs: process 1 not removed
2025-11-28 11:06:18 | WARN | 1 | Distributed | cluster.jl:1065 | rmprocs: process 1 not removed
